<?xml version="1.0" encoding="utf-8"?><testsuites><testsuite name="py3-coverage-django5-sqlite" errors="0" failures="0" skipped="0" tests="4" time="0.698" timestamp="2024-06-12T12:20:58.334803" hostname="ubuntu-ThinkPad"><testcase classname="tests.test_login" name="test_login" time="0.172" /><testcase classname="tests.test_login" name="test_password_backend" time="0.321" /><testcase classname="tests.test_login" name="test_login_no_header" time="0.004" /><testcase classname="tests.test_login" name="test_login_missing_keytab[kerberos.authGSSServerInit]" time="0.034" /></testsuite></testsuites>